  [1m[35m (0.1ms)[0m  [1m[34mSELECT sqlite_version(*)[0m
  ↳ bin/rails:4
  [1m[35m (87.9ms)[0m  [1m[35mCREATE TABLE "schema_migrations" ("version" varchar NOT NULL PRIMARY KEY)[0m
  ↳ bin/rails:4
  [1m[35m (42.8ms)[0m  [1m[35mCREATE TABLE "ar_internal_metadata" ("key" varchar NOT NULL PRIMARY KEY, "value" varchar, "created_at" datetime NOT NULL, "updated_at" datetime NOT NULL)[0m
  ↳ bin/rails:4
  [1m[35m (0.2ms)[0m  [1m[34mSELECT "schema_migrations"."version" FROM "schema_migrations" ORDER BY "schema_migrations"."version" ASC[0m
  ↳ bin/rails:4
Migrating to CreateDoctors (20180726121438)
  [1m[35m (0.1ms)[0m  [1m[36mbegin transaction[0m
  ↳ bin/rails:4
  [1m[35m (0.3ms)[0m  [1m[35mCREATE TABLE "doctors" ("id" integer PRIMARY KEY AUTOINCREMENT NOT NULL, "first_name" varchar, "last_name" varchar, "postal_code" varchar, "created_at" datetime NOT NULL, "updated_at" datetime NOT NULL)[0m
  ↳ db/migrate/20180726121438_create_doctors.rb:5
  [1m[36mActiveRecord::SchemaMigration Create (0.1ms)[0m  [1m[32mINSERT INTO "schema_migrations" ("version") VALUES (?)[0m  [["version", "20180726121438"]]
  ↳ bin/rails:4
  [1m[35m (51.9ms)[0m  [1m[36mcommit transaction[0m
  ↳ bin/rails:4
Migrating to CreatePatients (20180726121457)
  [1m[35m (0.1ms)[0m  [1m[36mbegin transaction[0m
  ↳ bin/rails:4
  [1m[35m (0.3ms)[0m  [1m[35mCREATE TABLE "patients" ("id" integer PRIMARY KEY AUTOINCREMENT NOT NULL, "first_name" varchar, "last_name" varchar, "created_at" datetime NOT NULL, "updated_at" datetime NOT NULL)[0m
  ↳ db/migrate/20180726121457_create_patients.rb:4
  [1m[36mActiveRecord::SchemaMigration Create (0.1ms)[0m  [1m[32mINSERT INTO "schema_migrations" ("version") VALUES (?)[0m  [["version", "20180726121457"]]
  ↳ bin/rails:4
  [1m[35m (69.3ms)[0m  [1m[36mcommit transaction[0m
  ↳ bin/rails:4
Migrating to CreateAppointments (20180726121548)
  [1m[35m (0.1ms)[0m  [1m[36mbegin transaction[0m
  ↳ bin/rails:4
  [1m[35m (0.3ms)[0m  [1m[35mCREATE TABLE "appointments" ("id" integer PRIMARY KEY AUTOINCREMENT NOT NULL, "doctor_id" integer, "patient_id" integer, "date" datetime, "created_at" datetime NOT NULL, "updated_at" datetime NOT NULL)[0m
  ↳ db/migrate/20180726121548_create_appointments.rb:5
  [1m[35m (0.1ms)[0m  [1m[35mCREATE  INDEX "index_appointments_on_doctor_id" ON "appointments" ("doctor_id")[0m
  ↳ db/migrate/20180726121548_create_appointments.rb:5
  [1m[35m (0.1ms)[0m  [1m[35mCREATE  INDEX "index_appointments_on_patient_id" ON "appointments" ("patient_id")[0m
  ↳ db/migrate/20180726121548_create_appointments.rb:5
  [1m[36mActiveRecord::SchemaMigration Create (0.1ms)[0m  [1m[32mINSERT INTO "schema_migrations" ("version") VALUES (?)[0m  [["version", "20180726121548"]]
  ↳ bin/rails:4
  [1m[35m (59.9ms)[0m  [1m[36mcommit transaction[0m
  ↳ bin/rails:4
Migrating to CreateCities (20180726183638)
  [1m[35m (0.2ms)[0m  [1m[36mbegin transaction[0m
  ↳ bin/rails:4
  [1m[35m (0.7ms)[0m  [1m[35mCREATE TABLE "cities" ("id" integer PRIMARY KEY AUTOINCREMENT NOT NULL, "name" varchar, "created_at" datetime NOT NULL, "updated_at" datetime NOT NULL)[0m
  ↳ db/migrate/20180726183638_create_cities.rb:4
  [1m[36mActiveRecord::SchemaMigration Create (0.2ms)[0m  [1m[32mINSERT INTO "schema_migrations" ("version") VALUES (?)[0m  [["version", "20180726183638"]]
  ↳ bin/rails:4
  [1m[35m (65.8ms)[0m  [1m[36mcommit transaction[0m
  ↳ bin/rails:4
Migrating to CreateSpecialities (20180726183651)
  [1m[35m (0.2ms)[0m  [1m[36mbegin transaction[0m
  ↳ bin/rails:4
  [1m[35m (1.0ms)[0m  [1m[35mCREATE TABLE "specialities" ("id" integer PRIMARY KEY AUTOINCREMENT NOT NULL, "name" varchar, "created_at" datetime NOT NULL, "updated_at" datetime NOT NULL)[0m
  ↳ db/migrate/20180726183651_create_specialities.rb:4
  [1m[36mActiveRecord::SchemaMigration Create (0.4ms)[0m  [1m[32mINSERT INTO "schema_migrations" ("version") VALUES (?)[0m  [["version", "20180726183651"]]
  ↳ bin/rails:4
  [1m[35m (54.9ms)[0m  [1m[36mcommit transaction[0m
  ↳ bin/rails:4
Migrating to CreateJoinTableDoctorSpeciality (20180726190048)
  [1m[35m (0.2ms)[0m  [1m[36mbegin transaction[0m
  ↳ bin/rails:4
  [1m[35m (1.0ms)[0m  [1m[35mCREATE TABLE "doctors_specialities" ("doctor_id" integer NOT NULL, "speciality_id" integer NOT NULL)[0m
  ↳ db/migrate/20180726190048_create_join_table_doctor_speciality.rb:3
  [1m[35m (0.4ms)[0m  [1m[35mCREATE  INDEX "index_doctors_specialities_on_doctor_id_and_speciality_id" ON "doctors_specialities" ("doctor_id", "speciality_id")[0m
  ↳ db/migrate/20180726190048_create_join_table_doctor_speciality.rb:3
  [1m[35m (0.4ms)[0m  [1m[35mCREATE  INDEX "index_doctors_specialities_on_speciality_id_and_doctor_id" ON "doctors_specialities" ("speciality_id", "doctor_id")[0m
  ↳ db/migrate/20180726190048_create_join_table_doctor_speciality.rb:3
  [1m[36mActiveRecord::SchemaMigration Create (0.4ms)[0m  [1m[32mINSERT INTO "schema_migrations" ("version") VALUES (?)[0m  [["version", "20180726190048"]]
  ↳ bin/rails:4
  [1m[35m (58.2ms)[0m  [1m[36mcommit transaction[0m
  ↳ bin/rails:4
  [1m[36mActiveRecord::InternalMetadata Load (0.5ms)[0m  [1m[34mSELECT  "ar_internal_metadata".* FROM "ar_internal_metadata" WHERE "ar_internal_metadata"."key" = ? LIMIT ?[0m  [["key", "environment"], ["LIMIT", 1]]
  ↳ bin/rails:4
  [1m[35m (0.1ms)[0m  [1m[36mbegin transaction[0m
  ↳ bin/rails:4
  [1m[36mActiveRecord::InternalMetadata Create (1.9ms)[0m  [1m[32mINSERT INTO "ar_internal_metadata" ("key", "value", "created_at", "updated_at") VALUES (?, ?, ?, ?)[0m  [["key", "environment"], ["value", "development"], ["created_at", "2018-07-26 19:02:25.634248"], ["updated_at", "2018-07-26 19:02:25.634248"]]
  ↳ bin/rails:4
  [1m[35m (39.1ms)[0m  [1m[36mcommit transaction[0m
  ↳ bin/rails:4
  [1m[35m (0.3ms)[0m  [1m[34mSELECT "schema_migrations"."version" FROM "schema_migrations" ORDER BY "schema_migrations"."version" ASC[0m
  ↳ bin/rails:4
  [1m[36mDoctor Load (3.1ms)[0m  [1m[34mSELECT  "doctors".* FROM "doctors" LIMIT ?[0m  [["LIMIT", 11]]
  [1m[36mDoctor Load (1.9ms)[0m  [1m[34mSELECT  "doctors".* FROM "doctors" LIMIT ?[0m  [["LIMIT", 11]]
  [1m[35m (0.1ms)[0m  [1m[36mbegin transaction[0m
  [1m[36mDoctor Create (10.4ms)[0m  [1m[32mINSERT INTO "doctors" ("first_name", "last_name", "postal_code", "created_at", "updated_at") VALUES (?, ?, ?, ?, ?)[0m  [["first_name", "Imogen"], ["last_name", "Blackcat"], ["postal_code", "59650"], ["created_at", "2018-07-26 19:11:49.921696"], ["updated_at", "2018-07-26 19:11:49.921696"]]
  [1m[35m (34.4ms)[0m  [1m[36mcommit transaction[0m
  [1m[35m (0.1ms)[0m  [1m[36mbegin transaction[0m
  [1m[36mPatient Create (1.8ms)[0m  [1m[32mINSERT INTO "patients" ("first_name", "last_name", "created_at", "updated_at") VALUES (?, ?, ?, ?)[0m  [["first_name", "Hashad"], ["last_name", "Blackdog"], ["created_at", "2018-07-26 19:13:05.770769"], ["updated_at", "2018-07-26 19:13:05.770769"]]
  [1m[35m (31.7ms)[0m  [1m[36mcommit transaction[0m
  [1m[35m (0.1ms)[0m  [1m[34mSELECT sqlite_version(*)[0m
  ↳ bin/rails:4
  [1m[35m (76.6ms)[0m  [1m[35mCREATE TABLE "schema_migrations" ("version" varchar NOT NULL PRIMARY KEY)[0m
  ↳ bin/rails:4
  [1m[35m (144.6ms)[0m  [1m[35mCREATE TABLE "ar_internal_metadata" ("key" varchar NOT NULL PRIMARY KEY, "value" varchar, "created_at" datetime NOT NULL, "updated_at" datetime NOT NULL)[0m
  ↳ bin/rails:4
  [1m[35m (0.3ms)[0m  [1m[34mSELECT "schema_migrations"."version" FROM "schema_migrations" ORDER BY "schema_migrations"."version" ASC[0m
  ↳ bin/rails:4
Migrating to CreateDoctors (20180726121438)
  [1m[35m (0.1ms)[0m  [1m[36mbegin transaction[0m
  ↳ bin/rails:4
  [1m[35m (0.5ms)[0m  [1m[35mCREATE TABLE "doctors" ("id" integer PRIMARY KEY AUTOINCREMENT NOT NULL, "first_name" varchar, "last_name" varchar, "postal_code" varchar, "created_at" datetime NOT NULL, "updated_at" datetime NOT NULL)[0m
  ↳ db/migrate/20180726121438_create_doctors.rb:5
  [1m[36mActiveRecord::SchemaMigration Create (0.2ms)[0m  [1m[32mINSERT INTO "schema_migrations" ("version") VALUES (?)[0m  [["version", "20180726121438"]]
  ↳ bin/rails:4
  [1m[35m (50.0ms)[0m  [1m[36mcommit transaction[0m
  ↳ bin/rails:4
Migrating to CreatePatients (20180726121457)
  [1m[35m (0.2ms)[0m  [1m[36mbegin transaction[0m
  ↳ bin/rails:4
  [1m[35m (0.7ms)[0m  [1m[35mCREATE TABLE "patients" ("id" integer PRIMARY KEY AUTOINCREMENT NOT NULL, "first_name" varchar, "last_name" varchar, "created_at" datetime NOT NULL, "updated_at" datetime NOT NULL)[0m
  ↳ db/migrate/20180726121457_create_patients.rb:4
  [1m[36mActiveRecord::SchemaMigration Create (0.3ms)[0m  [1m[32mINSERT INTO "schema_migrations" ("version") VALUES (?)[0m  [["version", "20180726121457"]]
  ↳ bin/rails:4
  [1m[35m (35.8ms)[0m  [1m[36mcommit transaction[0m
  ↳ bin/rails:4
Migrating to CreateAppointments (20180726121548)
  [1m[35m (0.2ms)[0m  [1m[36mbegin transaction[0m
  ↳ bin/rails:4
  [1m[35m (0.8ms)[0m  [1m[35mCREATE TABLE "appointments" ("id" integer PRIMARY KEY AUTOINCREMENT NOT NULL, "doctor_id" integer, "patient_id" integer, "date" datetime, "created_at" datetime NOT NULL, "updated_at" datetime NOT NULL)[0m
  ↳ db/migrate/20180726121548_create_appointments.rb:5
  [1m[35m (0.4ms)[0m  [1m[35mCREATE  INDEX "index_appointments_on_doctor_id" ON "appointments" ("doctor_id")[0m
  ↳ db/migrate/20180726121548_create_appointments.rb:5
  [1m[35m (0.3ms)[0m  [1m[35mCREATE  INDEX "index_appointments_on_patient_id" ON "appointments" ("patient_id")[0m
  ↳ db/migrate/20180726121548_create_appointments.rb:5
  [1m[36mActiveRecord::SchemaMigration Create (0.3ms)[0m  [1m[32mINSERT INTO "schema_migrations" ("version") VALUES (?)[0m  [["version", "20180726121548"]]
  ↳ bin/rails:4
  [1m[35m (37.3ms)[0m  [1m[36mcommit transaction[0m
  ↳ bin/rails:4
Migrating to CreateCities (20180726183638)
  [1m[35m (0.2ms)[0m  [1m[36mbegin transaction[0m
  ↳ bin/rails:4
  [1m[35m (0.6ms)[0m  [1m[35mCREATE TABLE "cities" ("id" integer PRIMARY KEY AUTOINCREMENT NOT NULL, "name" varchar, "created_at" datetime NOT NULL, "updated_at" datetime NOT NULL)[0m
  ↳ db/migrate/20180726183638_create_cities.rb:4
  [1m[36mActiveRecord::SchemaMigration Create (0.3ms)[0m  [1m[32mINSERT INTO "schema_migrations" ("version") VALUES (?)[0m  [["version", "20180726183638"]]
  ↳ bin/rails:4
  [1m[35m (35.6ms)[0m  [1m[36mcommit transaction[0m
  ↳ bin/rails:4
Migrating to CreateSpecialities (20180726183651)
  [1m[35m (0.2ms)[0m  [1m[36mbegin transaction[0m
  ↳ bin/rails:4
  [1m[35m (0.7ms)[0m  [1m[35mCREATE TABLE "specialities" ("id" integer PRIMARY KEY AUTOINCREMENT NOT NULL, "name" varchar, "created_at" datetime NOT NULL, "updated_at" datetime NOT NULL)[0m
  ↳ db/migrate/20180726183651_create_specialities.rb:4
  [1m[36mActiveRecord::SchemaMigration Create (0.3ms)[0m  [1m[32mINSERT INTO "schema_migrations" ("version") VALUES (?)[0m  [["version", "20180726183651"]]
  ↳ bin/rails:4
  [1m[35m (36.2ms)[0m  [1m[36mcommit transaction[0m
  ↳ bin/rails:4
Migrating to CreateJoinTableDoctorSpeciality (20180726190048)
  [1m[35m (0.2ms)[0m  [1m[36mbegin transaction[0m
  ↳ bin/rails:4
  [1m[35m (0.6ms)[0m  [1m[35mCREATE TABLE "doctors_specialities" ("doctor_id" integer NOT NULL, "speciality_id" integer NOT NULL)[0m
  ↳ db/migrate/20180726190048_create_join_table_doctor_speciality.rb:3
  [1m[35m (0.3ms)[0m  [1m[35mCREATE  INDEX "index_doctors_specialities_on_doctor_id_and_speciality_id" ON "doctors_specialities" ("doctor_id", "speciality_id")[0m
  ↳ db/migrate/20180726190048_create_join_table_doctor_speciality.rb:3
  [1m[35m (0.3ms)[0m  [1m[35mCREATE  INDEX "index_doctors_specialities_on_speciality_id_and_doctor_id" ON "doctors_specialities" ("speciality_id", "doctor_id")[0m
  ↳ db/migrate/20180726190048_create_join_table_doctor_speciality.rb:3
  [1m[36mActiveRecord::SchemaMigration Create (0.3ms)[0m  [1m[32mINSERT INTO "schema_migrations" ("version") VALUES (?)[0m  [["version", "20180726190048"]]
  ↳ bin/rails:4
  [1m[35m (38.0ms)[0m  [1m[36mcommit transaction[0m
  ↳ bin/rails:4
  [1m[36mActiveRecord::InternalMetadata Load (0.4ms)[0m  [1m[34mSELECT  "ar_internal_metadata".* FROM "ar_internal_metadata" WHERE "ar_internal_metadata"."key" = ? LIMIT ?[0m  [["key", "environment"], ["LIMIT", 1]]
  ↳ bin/rails:4
  [1m[35m (0.1ms)[0m  [1m[36mbegin transaction[0m
  ↳ bin/rails:4
  [1m[36mActiveRecord::InternalMetadata Create (0.5ms)[0m  [1m[32mINSERT INTO "ar_internal_metadata" ("key", "value", "created_at", "updated_at") VALUES (?, ?, ?, ?)[0m  [["key", "environment"], ["value", "development"], ["created_at", "2018-07-26 19:21:48.133933"], ["updated_at", "2018-07-26 19:21:48.133933"]]
  ↳ bin/rails:4
  [1m[35m (28.8ms)[0m  [1m[36mcommit transaction[0m
  ↳ bin/rails:4
  [1m[35m (0.3ms)[0m  [1m[34mSELECT "schema_migrations"."version" FROM "schema_migrations" ORDER BY "schema_migrations"."version" ASC[0m
  ↳ bin/rails:4
  [1m[35m (0.0ms)[0m  [1m[36mbegin transaction[0m
  [1m[36mDoctor Create (0.2ms)[0m  [1m[32mINSERT INTO "doctors" ("first_name", "last_name", "postal_code", "created_at", "updated_at") VALUES (?, ?, ?, ?, ?)[0m  [["first_name", "Imogen"], ["last_name", "Blackcat"], ["postal_code", "59650"], ["created_at", "2018-07-26 19:23:14.310394"], ["updated_at", "2018-07-26 19:23:14.310394"]]
  [1m[35m (27.1ms)[0m  [1m[36mcommit transaction[0m
  [1m[35m (0.0ms)[0m  [1m[36mbegin transaction[0m
  [1m[36mPatient Create (0.2ms)[0m  [1m[32mINSERT INTO "patients" ("first_name", "last_name", "created_at", "updated_at") VALUES (?, ?, ?, ?)[0m  [["first_name", "Harshad"], ["last_name", "Blackdog"], ["created_at", "2018-07-26 19:23:53.871017"], ["updated_at", "2018-07-26 19:23:53.871017"]]
  [1m[35m (33.9ms)[0m  [1m[36mcommit transaction[0m
  [1m[36mDoctor Load (0.8ms)[0m  [1m[34mSELECT  "doctors".* FROM "doctors" LIMIT ?[0m  [["LIMIT", 11]]
  [1m[36mCity Load (0.9ms)[0m  [1m[34mSELECT  "cities".* FROM "cities" LIMIT ?[0m  [["LIMIT", 11]]
  [1m[36mSpeciality Load (0.4ms)[0m  [1m[34mSELECT  "specialities".* FROM "specialities" LIMIT ?[0m  [["LIMIT", 11]]
  [1m[36mPatient Load (0.3ms)[0m  [1m[34mSELECT  "patients".* FROM "patients" LIMIT ?[0m  [["LIMIT", 11]]
  [1m[35m (0.1ms)[0m  [1m[34mSELECT sqlite_version(*)[0m
  ↳ bin/rails:4
  [1m[35m (14.4ms)[0m  [1m[35mCREATE TABLE "schema_migrations" ("version" varchar NOT NULL PRIMARY KEY)[0m
  ↳ bin/rails:4
  [1m[35m (15.0ms)[0m  [1m[35mCREATE TABLE "ar_internal_metadata" ("key" varchar NOT NULL PRIMARY KEY, "value" varchar, "created_at" datetime NOT NULL, "updated_at" datetime NOT NULL)[0m
  ↳ bin/rails:4
  [1m[35m (0.2ms)[0m  [1m[34mSELECT "schema_migrations"."version" FROM "schema_migrations" ORDER BY "schema_migrations"."version" ASC[0m
  ↳ bin/rails:4
Migrating to CreateDoctors (20180726121438)
  [1m[35m (0.0ms)[0m  [1m[36mbegin transaction[0m
  ↳ bin/rails:4
  [1m[35m (0.3ms)[0m  [1m[35mCREATE TABLE "doctors" ("id" integer PRIMARY KEY AUTOINCREMENT NOT NULL, "first_name" varchar, "last_name" varchar, "postal_code" varchar, "created_at" datetime NOT NULL, "updated_at" datetime NOT NULL)[0m
  ↳ db/migrate/20180726121438_create_doctors.rb:5
  [1m[36mActiveRecord::SchemaMigration Create (0.2ms)[0m  [1m[32mINSERT INTO "schema_migrations" ("version") VALUES (?)[0m  [["version", "20180726121438"]]
  ↳ bin/rails:4
  [1m[35m (21.1ms)[0m  [1m[36mcommit transaction[0m
  ↳ bin/rails:4
Migrating to CreatePatients (20180726121457)
  [1m[35m (0.1ms)[0m  [1m[36mbegin transaction[0m
  ↳ bin/rails:4
  [1m[35m (0.2ms)[0m  [1m[35mCREATE TABLE "patients" ("id" integer PRIMARY KEY AUTOINCREMENT NOT NULL, "first_name" varchar, "last_name" varchar, "created_at" datetime NOT NULL, "updated_at" datetime NOT NULL)[0m
  ↳ db/migrate/20180726121457_create_patients.rb:4
  [1m[36mActiveRecord::SchemaMigration Create (0.1ms)[0m  [1m[32mINSERT INTO "schema_migrations" ("version") VALUES (?)[0m  [["version", "20180726121457"]]
  ↳ bin/rails:4
  [1m[35m (14.5ms)[0m  [1m[36mcommit transaction[0m
  ↳ bin/rails:4
Migrating to CreateAppointments (20180726121548)
  [1m[35m (0.1ms)[0m  [1m[36mbegin transaction[0m
  ↳ bin/rails:4
  [1m[35m (0.3ms)[0m  [1m[35mCREATE TABLE "appointments" ("id" integer PRIMARY KEY AUTOINCREMENT NOT NULL, "doctor_id" integer, "patient_id" integer, "date" datetime, "created_at" datetime NOT NULL, "updated_at" datetime NOT NULL)[0m
  ↳ db/migrate/20180726121548_create_appointments.rb:5
  [1m[35m (0.1ms)[0m  [1m[35mCREATE  INDEX "index_appointments_on_doctor_id" ON "appointments" ("doctor_id")[0m
  ↳ db/migrate/20180726121548_create_appointments.rb:5
  [1m[35m (0.1ms)[0m  [1m[35mCREATE  INDEX "index_appointments_on_patient_id" ON "appointments" ("patient_id")[0m
  ↳ db/migrate/20180726121548_create_appointments.rb:5
  [1m[36mActiveRecord::SchemaMigration Create (0.1ms)[0m  [1m[32mINSERT INTO "schema_migrations" ("version") VALUES (?)[0m  [["version", "20180726121548"]]
  ↳ bin/rails:4
  [1m[35m (15.1ms)[0m  [1m[36mcommit transaction[0m
  ↳ bin/rails:4
Migrating to CreateCities (20180726183638)
  [1m[35m (0.2ms)[0m  [1m[36mbegin transaction[0m
  ↳ bin/rails:4
  [1m[35m (0.6ms)[0m  [1m[35mCREATE TABLE "cities" ("id" integer PRIMARY KEY AUTOINCREMENT NOT NULL, "name" varchar, "created_at" datetime NOT NULL, "updated_at" datetime NOT NULL)[0m
  ↳ db/migrate/20180726183638_create_cities.rb:4
  [1m[36mActiveRecord::SchemaMigration Create (0.3ms)[0m  [1m[32mINSERT INTO "schema_migrations" ("version") VALUES (?)[0m  [["version", "20180726183638"]]
  ↳ bin/rails:4
  [1m[35m (14.8ms)[0m  [1m[36mcommit transaction[0m
  ↳ bin/rails:4
Migrating to CreateSpecialities (20180726183651)
  [1m[35m (0.1ms)[0m  [1m[36mbegin transaction[0m
  ↳ bin/rails:4
  [1m[35m (0.6ms)[0m  [1m[35mCREATE TABLE "specialities" ("id" integer PRIMARY KEY AUTOINCREMENT NOT NULL, "name" varchar, "created_at" datetime NOT NULL, "updated_at" datetime NOT NULL)[0m
  ↳ db/migrate/20180726183651_create_specialities.rb:4
  [1m[36mActiveRecord::SchemaMigration Create (0.3ms)[0m  [1m[32mINSERT INTO "schema_migrations" ("version") VALUES (?)[0m  [["version", "20180726183651"]]
  ↳ bin/rails:4
  [1m[35m (15.2ms)[0m  [1m[36mcommit transaction[0m
  ↳ bin/rails:4
Migrating to CreateJoinTableDoctorSpeciality (20180726190048)
  [1m[35m (0.2ms)[0m  [1m[36mbegin transaction[0m
  ↳ bin/rails:4
  [1m[35m (0.6ms)[0m  [1m[35mCREATE TABLE "doctors_specialities" ("doctor_id" integer NOT NULL, "speciality_id" integer NOT NULL)[0m
  ↳ db/migrate/20180726190048_create_join_table_doctor_speciality.rb:3
  [1m[35m (0.3ms)[0m  [1m[35mCREATE  INDEX "index_doctors_specialities_on_doctor_id_and_speciality_id" ON "doctors_specialities" ("doctor_id", "speciality_id")[0m
  ↳ db/migrate/20180726190048_create_join_table_doctor_speciality.rb:3
  [1m[35m (0.3ms)[0m  [1m[35mCREATE  INDEX "index_doctors_specialities_on_speciality_id_and_doctor_id" ON "doctors_specialities" ("speciality_id", "doctor_id")[0m
  ↳ db/migrate/20180726190048_create_join_table_doctor_speciality.rb:3
  [1m[36mActiveRecord::SchemaMigration Create (0.2ms)[0m  [1m[32mINSERT INTO "schema_migrations" ("version") VALUES (?)[0m  [["version", "20180726190048"]]
  ↳ bin/rails:4
  [1m[35m (14.5ms)[0m  [1m[36mcommit transaction[0m
  ↳ bin/rails:4
  [1m[36mActiveRecord::InternalMetadata Load (0.3ms)[0m  [1m[34mSELECT  "ar_internal_metadata".* FROM "ar_internal_metadata" WHERE "ar_internal_metadata"."key" = ? LIMIT ?[0m  [["key", "environment"], ["LIMIT", 1]]
  ↳ bin/rails:4
  [1m[35m (0.1ms)[0m  [1m[36mbegin transaction[0m
  ↳ bin/rails:4
  [1m[36mActiveRecord::InternalMetadata Create (0.3ms)[0m  [1m[32mINSERT INTO "ar_internal_metadata" ("key", "value", "created_at", "updated_at") VALUES (?, ?, ?, ?)[0m  [["key", "environment"], ["value", "development"], ["created_at", "2018-07-26 20:12:33.848593"], ["updated_at", "2018-07-26 20:12:33.848593"]]
  ↳ bin/rails:4
  [1m[35m (11.8ms)[0m  [1m[36mcommit transaction[0m
  ↳ bin/rails:4
  [1m[35m (0.2ms)[0m  [1m[34mSELECT "schema_migrations"."version" FROM "schema_migrations" ORDER BY "schema_migrations"."version" ASC[0m
  ↳ bin/rails:4
  [1m[36mDoctor Load (0.3ms)[0m  [1m[34mSELECT  "doctors".* FROM "doctors" LIMIT ?[0m  [["LIMIT", 11]]
  [1m[36mAppointment Load (0.2ms)[0m  [1m[34mSELECT  "appointments".* FROM "appointments" LIMIT ?[0m  [["LIMIT", 11]]
  [1m[35m (0.2ms)[0m  [1m[36mbegin transaction[0m
  [1m[36mDoctor Create (0.4ms)[0m  [1m[32mINSERT INTO "doctors" ("first_name", "last_name", "postal_code", "created_at", "updated_at") VALUES (?, ?, ?, ?, ?)[0m  [["first_name", "Imogen"], ["last_name", "Blackcat"], ["postal_code", "00990"], ["created_at", "2018-07-26 20:15:24.672739"], ["updated_at", "2018-07-26 20:15:24.672739"]]
  [1m[35m (11.5ms)[0m  [1m[36mcommit transaction[0m
  [1m[35m (0.1ms)[0m  [1m[36mbegin transaction[0m
  [1m[36mPatient Create (0.2ms)[0m  [1m[32mINSERT INTO "patients" ("first_name", "last_name", "created_at", "updated_at") VALUES (?, ?, ?, ?)[0m  [["first_name", "Harshad"], ["last_name", "Blackdog"], ["created_at", "2018-07-26 20:16:06.868335"], ["updated_at", "2018-07-26 20:16:06.868335"]]
  [1m[35m (11.6ms)[0m  [1m[36mcommit transaction[0m
  [1m[35m (0.0ms)[0m  [1m[36mbegin transaction[0m
  [1m[36mCity Create (0.2ms)[0m  [1m[32mINSERT INTO "cities" ("name", "created_at", "updated_at") VALUES (?, ?, ?)[0m  [["name", "Lille"], ["created_at", "2018-07-26 20:19:48.147336"], ["updated_at", "2018-07-26 20:19:48.147336"]]
  [1m[35m (11.3ms)[0m  [1m[36mcommit transaction[0m
  [1m[35m (0.2ms)[0m  [1m[36mbegin transaction[0m
  [1m[36mPatient Load (0.2ms)[0m  [1m[34mSELECT  "patients".* FROM "patients" WHERE "patients"."id" = ? LIMIT ?[0m  [["id", 1], ["LIMIT", 1]]
  [1m[36mDoctor Load (0.1ms)[0m  [1m[34mSELECT  "doctors".* FROM "doctors" WHERE "doctors"."id" = ? LIMIT ?[0m  [["id", 1], ["LIMIT", 1]]
  [1m[36mAppointment Create (0.2ms)[0m  [1m[32mINSERT INTO "appointments" ("doctor_id", "patient_id", "date", "created_at", "updated_at") VALUES (?, ?, ?, ?, ?)[0m  [["doctor_id", 1], ["patient_id", 1], ["date", "2109-01-06 00:00:00"], ["created_at", "2018-07-26 20:21:32.849435"], ["updated_at", "2018-07-26 20:21:32.849435"]]
  [1m[35m (11.6ms)[0m  [1m[36mcommit transaction[0m
  [1m[35m (0.1ms)[0m  [1m[34mSELECT sqlite_version(*)[0m
  ↳ bin/rails:4
  [1m[35m (15.3ms)[0m  [1m[35mCREATE TABLE "schema_migrations" ("version" varchar NOT NULL PRIMARY KEY)[0m
  ↳ bin/rails:4
  [1m[35m (14.5ms)[0m  [1m[35mCREATE TABLE "ar_internal_metadata" ("key" varchar NOT NULL PRIMARY KEY, "value" varchar, "created_at" datetime NOT NULL, "updated_at" datetime NOT NULL)[0m
  ↳ bin/rails:4
  [1m[35m (0.1ms)[0m  [1m[34mSELECT "schema_migrations"."version" FROM "schema_migrations" ORDER BY "schema_migrations"."version" ASC[0m
  ↳ bin/rails:4
Migrating to CreateDoctors (20180726121438)
  [1m[35m (0.0ms)[0m  [1m[36mbegin transaction[0m
  ↳ bin/rails:4
  [1m[35m (0.2ms)[0m  [1m[35mCREATE TABLE "doctors" ("id" integer PRIMARY KEY AUTOINCREMENT NOT NULL, "first_name" varchar, "last_name" varchar, "postal_code" varchar, "created_at" datetime NOT NULL, "updated_at" datetime NOT NULL)[0m
  ↳ db/migrate/20180726121438_create_doctors.rb:5
  [1m[36mActiveRecord::SchemaMigration Create (0.1ms)[0m  [1m[32mINSERT INTO "schema_migrations" ("version") VALUES (?)[0m  [["version", "20180726121438"]]
  ↳ bin/rails:4
  [1m[35m (14.5ms)[0m  [1m[36mcommit transaction[0m
  ↳ bin/rails:4
Migrating to CreatePatients (20180726121457)
  [1m[35m (0.0ms)[0m  [1m[36mbegin transaction[0m
  ↳ bin/rails:4
  [1m[35m (0.3ms)[0m  [1m[35mCREATE TABLE "patients" ("id" integer PRIMARY KEY AUTOINCREMENT NOT NULL, "first_name" varchar, "last_name" varchar, "created_at" datetime NOT NULL, "updated_at" datetime NOT NULL)[0m
  ↳ db/migrate/20180726121457_create_patients.rb:4
  [1m[36mActiveRecord::SchemaMigration Create (0.1ms)[0m  [1m[32mINSERT INTO "schema_migrations" ("version") VALUES (?)[0m  [["version", "20180726121457"]]
  ↳ bin/rails:4
  [1m[35m (15.1ms)[0m  [1m[36mcommit transaction[0m
  ↳ bin/rails:4
Migrating to CreateAppointments (20180726121548)
  [1m[35m (0.1ms)[0m  [1m[36mbegin transaction[0m
  ↳ bin/rails:4
  [1m[35m (0.6ms)[0m  [1m[35mCREATE TABLE "appointments" ("id" integer PRIMARY KEY AUTOINCREMENT NOT NULL, "doctor_id" integer, "patient_id" integer, "date" datetime, "city_id" integer, "created_at" datetime NOT NULL, "updated_at" datetime NOT NULL)[0m
  ↳ db/migrate/20180726121548_create_appointments.rb:5
  [1m[35m (0.3ms)[0m  [1m[35mCREATE  INDEX "index_appointments_on_doctor_id" ON "appointments" ("doctor_id")[0m
  ↳ db/migrate/20180726121548_create_appointments.rb:5
  [1m[35m (0.1ms)[0m  [1m[35mCREATE  INDEX "index_appointments_on_patient_id" ON "appointments" ("patient_id")[0m
  ↳ db/migrate/20180726121548_create_appointments.rb:5
  [1m[35m (0.1ms)[0m  [1m[35mCREATE  INDEX "index_appointments_on_city_id" ON "appointments" ("city_id")[0m
  ↳ db/migrate/20180726121548_create_appointments.rb:5
  [1m[36mActiveRecord::SchemaMigration Create (0.1ms)[0m  [1m[32mINSERT INTO "schema_migrations" ("version") VALUES (?)[0m  [["version", "20180726121548"]]
  ↳ bin/rails:4
  [1m[35m (15.2ms)[0m  [1m[36mcommit transaction[0m
  ↳ bin/rails:4
Migrating to CreateCities (20180726183638)
  [1m[35m (0.1ms)[0m  [1m[36mbegin transaction[0m
  ↳ bin/rails:4
  [1m[35m (0.2ms)[0m  [1m[35mCREATE TABLE "cities" ("id" integer PRIMARY KEY AUTOINCREMENT NOT NULL, "name" varchar, "created_at" datetime NOT NULL, "updated_at" datetime NOT NULL)[0m
  ↳ db/migrate/20180726183638_create_cities.rb:4
  [1m[36mActiveRecord::SchemaMigration Create (0.1ms)[0m  [1m[32mINSERT INTO "schema_migrations" ("version") VALUES (?)[0m  [["version", "20180726183638"]]
  ↳ bin/rails:4
  [1m[35m (53.3ms)[0m  [1m[36mcommit transaction[0m
  ↳ bin/rails:4
Migrating to CreateSpecialities (20180726183651)
  [1m[35m (0.1ms)[0m  [1m[36mbegin transaction[0m
  ↳ bin/rails:4
  [1m[35m (0.7ms)[0m  [1m[35mCREATE TABLE "specialities" ("id" integer PRIMARY KEY AUTOINCREMENT NOT NULL, "name" varchar, "created_at" datetime NOT NULL, "updated_at" datetime NOT NULL)[0m
  ↳ db/migrate/20180726183651_create_specialities.rb:4
  [1m[36mActiveRecord::SchemaMigration Create (0.3ms)[0m  [1m[32mINSERT INTO "schema_migrations" ("version") VALUES (?)[0m  [["version", "20180726183651"]]
  ↳ bin/rails:4
  [1m[35m (15.1ms)[0m  [1m[36mcommit transaction[0m
  ↳ bin/rails:4
Migrating to CreateJoinTableDoctorSpeciality (20180726190048)
  [1m[35m (0.1ms)[0m  [1m[36mbegin transaction[0m
  ↳ bin/rails:4
  [1m[35m (0.3ms)[0m  [1m[35mCREATE TABLE "doctors_specialities" ("doctor_id" integer NOT NULL, "speciality_id" integer NOT NULL)[0m
  ↳ db/migrate/20180726190048_create_join_table_doctor_speciality.rb:3
  [1m[35m (0.1ms)[0m  [1m[35mCREATE  INDEX "index_doctors_specialities_on_doctor_id_and_speciality_id" ON "doctors_specialities" ("doctor_id", "speciality_id")[0m
  ↳ db/migrate/20180726190048_create_join_table_doctor_speciality.rb:3
  [1m[35m (0.1ms)[0m  [1m[35mCREATE  INDEX "index_doctors_specialities_on_speciality_id_and_doctor_id" ON "doctors_specialities" ("speciality_id", "doctor_id")[0m
  ↳ db/migrate/20180726190048_create_join_table_doctor_speciality.rb:3
  [1m[36mActiveRecord::SchemaMigration Create (0.1ms)[0m  [1m[32mINSERT INTO "schema_migrations" ("version") VALUES (?)[0m  [["version", "20180726190048"]]
  ↳ bin/rails:4
  [1m[35m (14.1ms)[0m  [1m[36mcommit transaction[0m
  ↳ bin/rails:4
Migrating to AddCityReferenceToAppointment (20180726204514)
  [1m[35m (0.4ms)[0m  [1m[36mbegin transaction[0m
  ↳ bin/rails:4
  [1m[36mActiveRecord::SchemaMigration Create (0.6ms)[0m  [1m[32mINSERT INTO "schema_migrations" ("version") VALUES (?)[0m  [["version", "20180726204514"]]
  ↳ bin/rails:4
  [1m[35m (11.7ms)[0m  [1m[36mcommit transaction[0m
  ↳ bin/rails:4
  [1m[36mActiveRecord::InternalMetadata Load (0.4ms)[0m  [1m[34mSELECT  "ar_internal_metadata".* FROM "ar_internal_metadata" WHERE "ar_internal_metadata"."key" = ? LIMIT ?[0m  [["key", "environment"], ["LIMIT", 1]]
  ↳ bin/rails:4
  [1m[35m (0.1ms)[0m  [1m[36mbegin transaction[0m
  ↳ bin/rails:4
  [1m[36mActiveRecord::InternalMetadata Create (0.5ms)[0m  [1m[32mINSERT INTO "ar_internal_metadata" ("key", "value", "created_at", "updated_at") VALUES (?, ?, ?, ?)[0m  [["key", "environment"], ["value", "development"], ["created_at", "2018-07-26 20:49:15.905707"], ["updated_at", "2018-07-26 20:49:15.905707"]]
  ↳ bin/rails:4
  [1m[35m (11.6ms)[0m  [1m[36mcommit transaction[0m
  ↳ bin/rails:4
  [1m[35m (0.3ms)[0m  [1m[34mSELECT "schema_migrations"."version" FROM "schema_migrations" ORDER BY "schema_migrations"."version" ASC[0m
  ↳ bin/rails:4
  [1m[36mDoctor Load (0.6ms)[0m  [1m[34mSELECT  "doctors".* FROM "doctors" LIMIT ?[0m  [["LIMIT", 11]]
  [1m[35m (0.2ms)[0m  [1m[36mbegin transaction[0m
  [1m[36mDoctor Create (0.7ms)[0m  [1m[32mINSERT INTO "doctors" ("first_name", "last_name", "postal_code", "created_at", "updated_at") VALUES (?, ?, ?, ?, ?)[0m  [["first_name", "Imogen"], ["last_name", "BlackCat"], ["postal_code", "78898"], ["created_at", "2018-07-26 21:04:15.019568"], ["updated_at", "2018-07-26 21:04:15.019568"]]
  [1m[35m (14.0ms)[0m  [1m[36mcommit transaction[0m
  [1m[35m (0.0ms)[0m  [1m[36mbegin transaction[0m
  [1m[36mSpeciality Create (0.4ms)[0m  [1m[32mINSERT INTO "specialities" ("name", "created_at", "updated_at") VALUES (?, ?, ?)[0m  [["name", "veterinary"], ["created_at", "2018-07-26 21:07:04.433032"], ["updated_at", "2018-07-26 21:07:04.433032"]]
  [1m[35m (12.0ms)[0m  [1m[36mcommit transaction[0m
  [1m[36mAppointment Load (0.9ms)[0m  [1m[34mSELECT  "appointments".* FROM "appointments" LIMIT ?[0m  [["LIMIT", 11]]
